<?xml version="1.0" encoding="UTF-8"?>
<testng-results ignored="0" total="1" passed="1" failed="0" skipped="0">
  <reporter-output>
  </reporter-output>
  <suite started-at="2025-02-11T16:51:15 CST" name="Surefire suite" finished-at="2025-02-11T16:51:30 CST" duration-ms="14912">
    <groups>
      <group name="cucumber">
        <method signature="AbstractTestNGCucumberTests.runScenario(io.cucumber.testng.PickleWrapper,io.cucumber.testng.FeatureWrapper)[pri:0, instance:runners.TestRunner@61230f6a]" name="runScenario" class="io.cucumber.testng.AbstractTestNGCucumberTests"/>
      </group> <!-- cucumber -->
    </groups>
    <test started-at="2025-02-11T16:51:15 CST" name="Surefire test" finished-at="2025-02-11T16:51:30 CST" duration-ms="14912">
      <class name="runners.TestRunner">
        <test-method is-config="true" signature="setUpClass(org.testng.ITestContext)[pri:0, instance:runners.TestRunner@61230f6a]" started-at="2025-02-11T16:51:15 CST" name="setUpClass" finished-at="2025-02-11T16:51:16 CST" duration-ms="923" status="PASS">
          <params>
            <param index="0">
              <value>
                <![CDATA[org.testng.TestRunner@1013871e]]>
              </value>
            </param>
          </params>
          <reporter-output>
          </reporter-output>
        </test-method> <!-- setUpClass -->
        <test-method signature="runScenario(io.cucumber.testng.PickleWrapper,io.cucumber.testng.FeatureWrapper)[pri:0, instance:runners.TestRunner@61230f6a]" started-at="2025-02-11T16:51:16 CST" name="runScenario" description="Runs Cucumber Scenarios" data-provider="scenarios" finished-at="2025-02-11T16:51:30 CST" duration-ms="13862" status="PASS">
          <params>
            <param index="0">
              <value>
                <![CDATA["Validate Create User API with CSV data"]]>
              </value>
            </param>
            <param index="1">
              <value>
                <![CDATA["Testing create new user in the User API"]]>
              </value>
            </param>
          </params>
          <reporter-output>
          </reporter-output>
        </test-method> <!-- runScenario -->
        <test-method is-config="true" signature="tearDownClass()[pri:0, instance:runners.TestRunner@61230f6a]" started-at="2025-02-11T16:51:30 CST" name="tearDownClass" finished-at="2025-02-11T16:51:30 CST" duration-ms="37" status="PASS">
          <reporter-output>
          </reporter-output>
        </test-method> <!-- tearDownClass -->
      </class> <!-- runners.TestRunner -->
    </test> <!-- Surefire test -->
  </suite> <!-- Surefire suite -->
</testng-results>
