<?xml version="1.0" encoding="UTF-8"?>
<testsuite xmlns:xsi="http://www.w3.org/2001/XMLSchema-instance" xsi:noNamespaceSchemaLocation="https://maven.apache.org/surefire/maven-surefire-plugin/xsd/surefire-test-report-3.0.xsd" version="3.0" name="runners.TestRunner" time="16.596" tests="1" errors="0" skipped="0" failures="0">
  <properties>
[...]
</properties>
  <testcase name="runScenario[&quot;Validate Create User API with CSV data&quot;, &quot;Testing create new user in the User API&quot;](1)" classname="runners.TestRunner" time="13.877">
    <system-out><![CDATA[
@userApi @createNewUser
Scenario: Validate Create User API with CSV data                # src/test/resources/features/CreateNewUser.feature:4
  Given user has request data from CSV                          # stepDefinitions.CreateNewUserSteps.user_has_request_data_from_csv_for_request_name()
Request URL: https://userserviceapp-f5a54828541b.herokuapp.com/uap/createusersRequest Body: {"user_first_name":"Deleteuser","user_last_name":"Deleteuser","user_contact_number":"5280043003","user_email_id":"ztaxyx34@gmail.com","userAddress":{"plotNumber":"3-A","street":"Waldo Ave","state":"Illinois","country":"USA","zipCode":"61115","addressId":null},"user_id":null}Response: {
    "userAddress": {
        "addressId": 21020,
        "plotNumber": "3-A",
        "street": "Waldo Ave",
        "state": "Illinois",
        "country": "USA",
        "zipCode": 61115
    },
    "user_id": 21053,
    "user_first_name": "Deleteuser",
    "user_last_name": "Deleteuser",
    "user_contact_number": 5280043003,
    "user_email_id": "ztaxyx34@gmail.com",
    "creation_time": "2025-02-11T22:51:20.829+00:00",
    "last_mod_time": "2025-02-11T22:51:20.829+00:00"
}Request URL: https://userserviceapp-f5a54828541b.herokuapp.com/uap/createusersRequest Body: {"user_first_name":"Srividya","user_last_name":"Sundaravadivelu","user_contact_number":"3960895916","user_email_id":"rgmgwk47@gmail.com","userAddress":{"plotNumber":"3-A","street":"Waldo Ave","state":"Illinois","country":"USA","zipCode":"61115","addressId":null},"user_id":null}Response: {
    "userAddress": {
        "addressId": 21021,
        "plotNumber": "3-A",
        "street": "Waldo Ave",
        "state": "Illinois",
        "country": "USA",
        "zipCode": 61115
    },
    "user_id": 21054,
    "user_first_name": "Srividya",
    "user_last_name": "Sundaravadivelu",
    "user_contact_number": 3960895916,
    "user_email_id": "rgmgwk47@gmail.com",
    "creation_time": "2025-02-11T22:51:21.328+00:00",
    "last_mod_time": "2025-02-11T22:51:21.328+00:00"
}Request URL: https://userserviceapp-f5a54828541b.herokuapp.com/uap/createusersRequest Body: {"user_first_name":"\"\"\"\"\"\"","user_last_name":"Sundaravadivelu","user_contact_number":"8858050171","user_email_id":"axtkot66@gmail.com","userAddress":{"plotNumber":"","street":"","state":"","country":"","zipCode":"null","addressId":null},"user_id":null}Response: {
    "status": "400 BAD_REQUEST",
    "message": "user FirstName is mandatory and should contains alphabets only"
}Request URL: https://userserviceapp-f5a54828541b.herokuapp.com/uap/createusersRequest Body: {"user_first_name":"Srividya$","user_last_name":"Sundaravadivelu","user_contact_number":"1302080042","user_email_id":"biekwl86@gmail.com","userAddress":{"plotNumber":"","street":"","state":"","country":"","zipCode":"null","addressId":null},"user_id":null}Response: {
    "status": "400 BAD_REQUEST",
    "message": "user FirstName is mandatory and should contains alphabets only"
}Request URL: https://userserviceapp-f5a54828541b.herokuapp.com/uap/createusersRequest Body: {"user_first_name":"Srividya","user_last_name":"\"\"\"\"\"\"","user_contact_number":"4645066781","user_email_id":"bfwzam82@gmail.com","userAddress":{"plotNumber":"","street":"","state":"","country":"","zipCode":"null","addressId":null},"user_id":null}Response: {
    "status": "400 BAD_REQUEST",
    "message": "User Last Name is mandatory and should contains alphabets only"
}Request URL: https://userserviceapp-f5a54828541b.herokuapp.com/uap/createusersRequest Body: {"user_first_name":"Srividya","user_last_name":"Sundaravadivelu$","user_contact_number":"1661376671","user_email_id":"gthdwe60@gmail.com","userAddress":{"plotNumber":"","street":"","state":"","country":"","zipCode":"null","addressId":null},"user_id":null}Response: {
    "status": "400 BAD_REQUEST",
    "message": "User Last Name is mandatory and should contains alphabets only"
}Request URL: https://userserviceapp-f5a54828541b.herokuapp.com/uap/createusersRequest Body: {"user_first_name":"Srividya","user_last_name":"Sundaravadivelu","user_contact_number":"6471625845","user_email_id":"\"\"\"\"\"\"","userAddress":{"plotNumber":"","street":"","state":"","country":"","zipCode":"null","addressId":null},"user_id":null}Response: {
    "status": "400 BAD_REQUEST",
    "message": "User email Id is required and should be in proper email format"
}Request URL: https://userserviceapp-f5a54828541b.herokuapp.com/uap/createusersRequest Body: {"user_first_name":"Srividya","user_last_name":"Sundaravadivelu","user_contact_number":"2809517828","user_email_id":"abc@@abc.com","userAddress":{"plotNumber":"","street":"","state":"","country":"","zipCode":"null","addressId":null},"user_id":null}Response: {
    "status": "400 BAD_REQUEST",
    "message": "User email Id is required and should be in proper email format"
}Request URL: https://userserviceapp-f5a54828541b.herokuapp.com/uap/createusersRequest Body: {"user_first_name":"Srividya","user_last_name":"Sundaravadivelu","user_contact_number":"6845042150","user_email_id":"Numpy@gmail.com","userAddress":{"plotNumber":"","street":"","state":"","country":"","zipCode":"null","addressId":null},"user_id":null}Response: {
    "status": "409 CONFLICT",
    "message": "User already exist with same email id"
}Request URL: https://userserviceapp-f5a54828541b.herokuapp.com/uap/createusersRequest Body: {"user_first_name":"Srividya","user_last_name":"Sundaravadivelu","user_contact_number":"null","user_email_id":"hdymyn37@gmail.com","userAddress":{"plotNumber":"","street":"","state":"","country":"","zipCode":"null","addressId":null},"user_id":null}Response: {
    "status": "400 BAD_REQUEST",
    "message": "Phone Number is required and should contains 10 numeric values only"
}Request URL: https://userserviceapp-f5a54828541b.herokuapp.com/uap/createusersRequest Body: {"user_first_name":"Srividya","user_last_name":"Sundaravadivelu","user_contact_number":"123","user_email_id":"jvjhki55@gmail.com","userAddress":{"plotNumber":"","street":"","state":"","country":"","zipCode":"null","addressId":null},"user_id":null}Response: {
    "status": "400 BAD_REQUEST",
    "message": "Phone Number is required and should contains 10 numeric values only"
}Request URL: https://userserviceapp-f5a54828541b.herokuapp.com/uap/createusersRequest Body: {"user_first_name":"Srividya","user_last_name":"Sundaravadivelu","user_contact_number":"1.23E+14","user_email_id":"aqilhz13@gmail.com","userAddress":{"plotNumber":"","street":"","state":"","country":"","zipCode":"null","addressId":null},"user_id":null}Response: {
    "timestamp": "2025-02-11T22:51:25.667+00:00",
    "status": 400,
    "error": "Bad Request",
    "path": "/uap/createusers"
}Request URL: https://userserviceapp-f5a54828541b.herokuapp.com/uap/createusersRequest Body: {"user_first_name":"Srividya","user_last_name":"Sundaravadivelu","user_contact_number":"1234567891","user_email_id":"dctabl95@gmail.com","userAddress":{"plotNumber":"","street":"","state":"","country":"","zipCode":"null","addressId":null},"user_id":null}Response: {
    "status": "409 CONFLICT",
    "message": "User already exist with same contact number"
}Request URL: https://userserviceapp-f5a54828541b.herokuapp.com/uap/createusersRequest Body: {"user_first_name":"Srividya","user_last_name":"Sundaravadivelu","user_contact_number":"4904223757","user_email_id":"jgbmdc63@gmail.com","userAddress":{"plotNumber":"","street":"","state":"$Illinois","country":"","zipCode":"null","addressId":null},"user_id":null}Response: {
    "status": "400 BAD_REQUEST",
    "message": "Plot number should contain alphaNumeric values only"
}Request URL: https://userserviceapp-f5a54828541b.herokuapp.com/uap/createusersRequest Body: {"user_first_name":"Srividya","user_last_name":"Sundaravadivelu","user_contact_number":"6407609333","user_email_id":"ciavdk44@gmail.com","userAddress":{"plotNumber":"","street":"","state":"","country":"$USA","zipCode":"null","addressId":null},"user_id":null}Response: {
    "status": "400 BAD_REQUEST",
    "message": "Plot number should contain alphaNumeric values only"
}Request URL: https://userserviceapp-f5a54828541b.herokuapp.com/uap/createusersRequest Body: {"user_first_name":"Srividya","user_last_name":"Sundaravadivelu","user_contact_number":"3397740347","user_email_id":"zpqxso57@gmail.com","userAddress":{"plotNumber":"","street":"$Waldo","state":"","country":"","zipCode":"null","addressId":null},"user_id":null}Response: {
    "status": "400 BAD_REQUEST",
    "message": "Plot number should contain alphaNumeric values only"
}Request URL: https://userserviceapp-f5a54828541b.herokuapp.com/uap/createusersRequest Body: {"user_first_name":"Srividya","user_last_name":"Sundaravadivelu","user_contact_number":"2386247687","user_email_id":"","userAddress":{"plotNumber":"","street":"","state":"","country":"","zipCode":"611ABC","addressId":null},"user_id":null}Response: {
    "timestamp": "2025-02-11T22:51:27.620+00:00",
    "status": 400,
    "error": "Bad Request",
    "path": "/uap/createusers"
}Request URL: https://userserviceapp-f5a54828541b.herokuapp.com/uap/invalidRequest Body: {"user_first_name":"","user_last_name":"","user_contact_number":"","user_email_id":"","userAddress":{"plotNumber":"","street":"","state":"","country":"","zipCode":"","addressId":null},"user_id":null}Response: {
    "timestamp": "2025-02-11T22:51:28.059+00:00",
    "status": 404,
    "error": "Not Found",
    "path": "/uap/invalid"
}  When user sends a POST request to create a new user           # stepDefinitions.CreateNewUserSteps.user_sends_a_post_request_to_create_a_new_user()
Validating post scenario Create new user to use for delete
Validating post scenario Pass all fields  
Validating post scenario First name empty
Validating post scenario First name non alphabet value
Validating post scenario Last name empty
Validating post scenario Last name non alphabet value
Validating post scenario Email id empty
Validating post scenario Email id invalid
Validating post scenario Email id already exists
Validating post scenario Contact number is null or empty
Validating post scenario Contact number less than 10 numeric values
Validating post scenario Contact number greater than 10 numeric values
Validating post scenario Contact number already exists
Validating post scenario State non alphabet value
Validating post scenario Country non alphabet value
Validating post scenario Street non alphabet vaue
Validating post scenario ZipCode non numeric values
Validating post scenario invalid endpoint
  Then The response status code should match the expected value # stepDefinitions.CreateNewUserSteps.the_response_status_code_should_match_the_expected_value()
]]></system-out>
    <system-err><![CDATA[SLF4J: Failed to load class "org.slf4j.impl.StaticLoggerBinder".
SLF4J: Defaulting to no-operation (NOP) logger implementation
SLF4J: See http://www.slf4j.org/codes.html#StaticLoggerBinder for further details.
]]></system-err>
  </testcase>
</testsuite>